<?xml version="1.0" encoding="UTF-8"?>
<!-- Generated by org.testng.reporters.JUnitXMLReporter -->
<testsuite hostname="zzj" ignored="2" tests="0" failures="0" timestamp="17 十月 2017 11:55:43 GMT" time="0.004" errors="0">
  <testcase name="test2" time="0.0" classname="com.bys.devicpass.DPAutoTest.testNavigateToAuthLogin">
    <ignored/>
  </testcase> <!-- test2 -->
  <testcase name="test" time="0.0" classname="com.bys.devicpass.DPAutoTest.testNavigateToAuthLogin">
    <ignored/>
  </testcase> <!-- test -->
</testsuite>
