<?xml version="1.0" encoding="UTF-8"?>
<!-- Generated by org.testng.reporters.JUnitXMLReporter -->
<testsuite hostname="zzj" ignored="1" name="Practice1" tests="2" failures="0" timestamp="17 十月 2017 14:12:59 GMT" time="0.025" errors="0">
  <testcase name="testSubModule1" time="0.004" classname="com.bys.devicpass.DPAutoTest.Practice3OnTestng"/>
  <testcase name="testSubModule2" time="0.001" classname="com.bys.devicpass.DPAutoTest.Practice3OnTestng"/>
  <testcase name="testSubModule3" time="0.0" classname="com.bys.devicpass.DPAutoTest.Practice3OnTestng">
    <ignored/>
  </testcase> <!-- testSubModule3 -->
</testsuite> <!-- Practice1 -->
